<?xml version="1.0" encoding="UTF-8"?>
<!-- Generated by org.testng.reporters.JUnitReportReporter -->
<testsuite hostname="LAPTOP-3AI9QJI2" failures="0" tests="1" name="com.MavenDemo.DemoTest" time="0.024" errors="0" timestamp="19 Jul 2022 06:54:33 GMT">
  <testcase classname="com.MavenDemo.DemoTest" name="createDemo2" time="0.024"/>
</testsuite> <!-- com.MavenDemo.DemoTest -->
