<?xml version="1.0" encoding="UTF-8"?>
<!-- Generated by org.testng.reporters.JUnitReportReporter -->
<testsuite hostname="DESKTOP-2DC4B1N" failures="0" tests="1" name="com.MavenDemo.Demo3Test" time="0.010" errors="0" timestamp="25 Jul 2022 16:09:51 GMT">
  <testcase classname="com.MavenDemo.Demo3Test" name="demoNew" time="0.010"/>
</testsuite> <!-- com.MavenDemo.Demo3Test -->
